<?xml version="1.1" encoding="UTF-8" standalone="no"?>
<databaseChangeLog xmlns="http://www.liquibase.org/xml/ns/dbchangelog" xmlns:ext="http://www.liquibase.org/xml/ns/dbchangelog-ext" xmlns:pro="http://www.liquibase.org/xml/ns/pro" xmlns:xsi="http://www.w3.org/2001/XMLSchema-instance" xsi:schemaLocation="http://www.liquibase.org/xml/ns/dbchangelog-ext http://www.liquibase.org/xml/ns/dbchangelog/dbchangelog-ext.xsd http://www.liquibase.org/xml/ns/pro http://www.liquibase.org/xml/ns/pro/liquibase-pro-latest.xsd http://www.liquibase.org/xml/ns/dbchangelog http://www.liquibase.org/xml/ns/dbchangelog/dbchangelog-latest.xsd">
    <changeSet author="VT" id="1688397046193-1">
        <createTable tableName="vouchers">
            <column name="active" type="BOOLEAN">
                <constraints nullable="false"/>
            </column>
            <column name="amount" type="numeric(38, 2)">
                <constraints nullable="false"/>
            </column>
            <column name="balance" type="numeric(38, 2)">
                <constraints nullable="false"/>
            </column>
            <column name="created_date" type="TIMESTAMP WITHOUT TIME ZONE"/>
            <column name="expiration_date" type="TIMESTAMP WITHOUT TIME ZONE">
                <constraints nullable="false"/>
            </column>
            <column name="id" type="BIGINT">
                <constraints nullable="false" primaryKey="true" primaryKeyName="vouchers_pkey"/>
            </column>
            <column name="last_updated_date" type="TIMESTAMP WITHOUT TIME ZONE"/>
            <column name="voucher_code" type="VARCHAR(255)">
                <constraints nullable="false"/>
            </column>
        </createTable>
    </changeSet>
    <changeSet author="VT" id="1688397046193-2">
        <addUniqueConstraint columnNames="voucher_code" constraintName="vouchers_voucher_code_key" tableName="vouchers"/>
    </changeSet>
<!--    <changeSet author="VT" id="1688397046193-3">-->
<!--        <createSequence cacheSize="1" cycle="false" dataType="bigint" incrementBy="1" maxValue="9223372036854775807" minValue="1" sequenceName="capture_id_seq" startValue="20001"/>-->
<!--    </changeSet>-->
    <changeSet author="VT" id="1688397046193-3">
        <createSequence sequenceName="capture_id_seq" startValue="20001" incrementBy="1"/>
    </changeSet>

    <changeSet author="VT" id="1688397046193-4">
        <createSequence sequenceName="capture_items_id_seq" startValue="30001" incrementBy="1"/>
    </changeSet>
    <changeSet author="VT" id="1688397046193-5">
        <createSequence sequenceName="vouchers_id_seq" startValue="10001" incrementBy="1"/>
    </changeSet>
    <changeSet author="VT" id="1688397046193-6">
        <createTable tableName="capture_items">
            <column name="capture_amount" type="numeric(38, 2)">
                <constraints nullable="false"/>
            </column>
            <column name="processed" type="BOOLEAN">
                <constraints nullable="false"/>
            </column>
            <column name="capture_id" type="BIGINT"/>
            <column name="id" type="BIGINT">
                <constraints nullable="false" primaryKey="true" primaryKeyName="capture_items_pkey"/>
            </column>
            <column name="voucher_id" type="BIGINT"/>
            <column name="voucher_code" type="VARCHAR(255)">
                <constraints nullable="false"/>
            </column>
        </createTable>
    </changeSet>
    <changeSet author="VT" id="1688397046193-7">
        <createTable tableName="captures">
            <column name="number_of_items" type="INTEGER">
                <constraints nullable="false"/>
            </column>
            <column name="processed" type="BOOLEAN">
                <constraints nullable="false"/>
            </column>
            <column name="created_date" type="TIMESTAMP WITHOUT TIME ZONE"/>
            <column name="id" type="BIGINT">
                <constraints nullable="false" primaryKey="true" primaryKeyName="captures_pkey"/>
            </column>
            <column name="reason" type="VARCHAR(255)"/>
        </createTable>
    </changeSet>
    <changeSet author="VT" id="1688397046193-8">
        <addForeignKeyConstraint baseColumnNames="voucher_id" baseTableName="capture_items" constraintName="fk64stmumr6n2oxraanytibawgx" deferrable="false" initiallyDeferred="false" onDelete="NO ACTION" onUpdate="NO ACTION" referencedColumnNames="id" referencedTableName="vouchers" validate="true"/>
    </changeSet>
    <changeSet author="VT" id="1688397046193-9">
        <addForeignKeyConstraint baseColumnNames="capture_id" baseTableName="capture_items" constraintName="fkiiij7rsxuker0h441romktay2" deferrable="false" initiallyDeferred="false" onDelete="NO ACTION" onUpdate="NO ACTION" referencedColumnNames="id" referencedTableName="captures" validate="true"/>
    </changeSet>
</databaseChangeLog>
